In file included from [01m[K/home/leoni/robotica/practica3/build/interfaces/rosidl_generator_c/interfaces/msg/detail/sphere__functions.h:19[m[K,
                 from [01m[K/home/leoni/robotica/practica3/build/interfaces/rosidl_generator_c/interfaces/msg/detail/sphere__functions.c:4[m[K:
[01m[K/home/leoni/robotica/practica3/build/interfaces/rosidl_generator_c/interfaces/msg/detail/sphere__struct.h:22:10:[m[K [01;31m[Kfatal error: [m[Kgeometry_msg/msg/detail/point__struct.h: No such file or directory
   22 | #include [01;31m[K"geometry_msg/msg/detail/point__struct.h"[m[K
      |          [01;31m[K^~~~~~~~~~~~~~~~~~~~~~~~~~~~~~~~~~~~~~~~~[m[K
compilation terminated.
gmake[2]: *** [CMakeFiles/interfaces__rosidl_generator_c.dir/build.make:211: CMakeFiles/interfaces__rosidl_generator_c.dir/rosidl_generator_c/interfaces/msg/detail/sphere__functions.c.o] Error 1
gmake[2]: *** Waiting for unfinished jobs....
gmake[1]: *** [CMakeFiles/Makefile2:213: CMakeFiles/interfaces__rosidl_generator_c.dir/all] Error 2
gmake[1]: *** Waiting for unfinished jobs....
In file included from [01m[K/home/leoni/robotica/practica3/build/interfaces/rosidl_typesupport_cpp/interfaces/msg/sphere__type_support.cpp:7[m[K:
[01m[K/home/leoni/robotica/practica3/build/interfaces/rosidl_generator_cpp/interfaces/msg/detail/sphere__struct.hpp:20:10:[m[K [01;31m[Kfatal error: [m[Kgeometry_msg/msg/detail/point__struct.hpp: No such file or directory
   20 | #include [01;31m[K"geometry_msg/msg/detail/point__struct.hpp"[m[K
      |          [01;31m[K^~~~~~~~~~~~~~~~~~~~~~~~~~~~~~~~~~~~~~~~~~~[m[K
compilation terminated.
gmake[2]: *** [CMakeFiles/interfaces__rosidl_typesupport_cpp.dir/build.make:168: CMakeFiles/interfaces__rosidl_typesupport_cpp.dir/rosidl_typesupport_cpp/interfaces/msg/sphere__type_support.cpp.o] Error 1
gmake[2]: *** Waiting for unfinished jobs....
In file included from [01m[K/home/leoni/robotica/practica3/build/interfaces/rosidl_typesupport_introspection_cpp/interfaces/msg/detail/sphere__type_support.cpp:12[m[K:
[01m[K/home/leoni/robotica/practica3/build/interfaces/rosidl_generator_cpp/interfaces/msg/detail/sphere__struct.hpp:20:10:[m[K [01;31m[Kfatal error: [m[Kgeometry_msg/msg/detail/point__struct.hpp: No such file or directory
   20 | #include [01;31m[K"geometry_msg/msg/detail/point__struct.hpp"[m[K
      |          [01;31m[K^~~~~~~~~~~~~~~~~~~~~~~~~~~~~~~~~~~~~~~~~~~[m[K
compilation terminated.
gmake[2]: *** [CMakeFiles/interfaces__rosidl_typesupport_introspection_cpp.dir/build.make:179: CMakeFiles/interfaces__rosidl_typesupport_introspection_cpp.dir/rosidl_typesupport_introspection_cpp/interfaces/msg/detail/sphere__type_support.cpp.o] Error 1
gmake[2]: *** Waiting for unfinished jobs....
In file included from [01m[K/home/leoni/robotica/practica3/build/interfaces/rosidl_typesupport_fastrtps_cpp/interfaces/msg/detail/sphere__rosidl_typesupport_fastrtps_cpp.hpp:11[m[K,
                 from [01m[K/home/leoni/robotica/practica3/build/interfaces/rosidl_typesupport_fastrtps_cpp/interfaces/msg/detail/dds_fastrtps/sphere__type_support.cpp:4[m[K:
[01m[K/home/leoni/robotica/practica3/build/interfaces/rosidl_generator_cpp/interfaces/msg/detail/sphere__struct.hpp:20:10:[m[K [01;31m[Kfatal error: [m[Kgeometry_msg/msg/detail/point__struct.hpp: No such file or directory
   20 | #include [01;31m[K"geometry_msg/msg/detail/point__struct.hpp"[m[K
      |          [01;31m[K^~~~~~~~~~~~~~~~~~~~~~~~~~~~~~~~~~~~~~~~~~~[m[K
compilation terminated.
gmake[2]: *** [CMakeFiles/interfaces__rosidl_typesupport_fastrtps_cpp.dir/build.make:179: CMakeFiles/interfaces__rosidl_typesupport_fastrtps_cpp.dir/rosidl_typesupport_fastrtps_cpp/interfaces/msg/detail/dds_fastrtps/sphere__type_support.cpp.o] Error 1
gmake[2]: *** Waiting for unfinished jobs....
gmake[1]: *** [CMakeFiles/Makefile2:395: CMakeFiles/interfaces__rosidl_typesupport_cpp.dir/all] Error 2
gmake[1]: *** [CMakeFiles/Makefile2:369: CMakeFiles/interfaces__rosidl_typesupport_introspection_cpp.dir/all] Error 2
gmake[1]: *** [CMakeFiles/Makefile2:291: CMakeFiles/interfaces__rosidl_typesupport_fastrtps_cpp.dir/all] Error 2
gmake: *** [Makefile:146: all] Error 2
