[0.431s] DEBUG:colcon:Command line arguments: ['/usr/bin/colcon', 'build']
[0.431s] DEBUG:colcon:Parsed command line arguments: Namespace(log_base=None, log_level=None, verb_name='build', build_base='build', install_base='install', merge_install=False, symlink_install=False, test_result_base=None, continue_on_error=False, executor='parallel', parallel_workers=16, event_handlers=None, ignore_user_meta=False, metas=['./colcon.meta'], base_paths=['.'], packages_ignore=None, packages_ignore_regex=None, paths=None, packages_up_to=None, packages_up_to_regex=None, packages_above=None, packages_above_and_dependencies=None, packages_above_depth=None, packages_select_by_dep=None, packages_skip_by_dep=None, packages_skip_up_to=None, packages_select_build_failed=False, packages_skip_build_finished=False, packages_select_test_failures=False, packages_skip_test_passed=False, packages_select=None, packages_skip=None, packages_select_regex=None, packages_skip_regex=None, packages_start=None, packages_end=None, allow_overriding=[], cmake_args=None, cmake_target=None, cmake_target_skip_unavailable=False, cmake_clean_cache=False, cmake_clean_first=False, cmake_force_configure=False, ament_cmake_args=None, catkin_cmake_args=None, catkin_skip_building_tests=False, verb_parser=<colcon_defaults.argument_parser.defaults.DefaultArgumentsDecorator object at 0x7f2e3896e650>, verb_extension=<colcon_core.verb.build.BuildVerb object at 0x7f2e3896e140>, main=<bound method BuildVerb.main of <colcon_core.verb.build.BuildVerb object at 0x7f2e3896e140>>)
[0.598s] Level 1:colcon.colcon_core.package_discovery:discover_packages(colcon_meta) check parameters
[0.598s] Level 1:colcon.colcon_core.package_discovery:discover_packages(recursive) check parameters
[0.598s] Level 1:colcon.colcon_core.package_discovery:discover_packages(ignore) check parameters
[0.598s] Level 1:colcon.colcon_core.package_discovery:discover_packages(path) check parameters
[0.598s] Level 1:colcon.colcon_core.package_discovery:discover_packages(colcon_meta) discover
[0.598s] Level 1:colcon.colcon_core.package_discovery:discover_packages(recursive) discover
[0.598s] INFO:colcon.colcon_core.package_discovery:Crawling recursively for packages in '/home/leoni/robotica/practica3'
[0.598s] Level 1:colcon.colcon_core.package_identification:_identify(.) by extensions ['ignore', 'ignore_ament_install']
[0.599s] Level 1:colcon.colcon_core.package_identification:_identify(.) by extension 'ignore'
[0.599s] Level 1:colcon.colcon_core.package_identification:_identify(.) by extension 'ignore_ament_install'
[0.599s] Level 1:colcon.colcon_core.package_identification:_identify(.) by extensions ['colcon_pkg']
[0.599s] Level 1:colcon.colcon_core.package_identification:_identify(.) by extension 'colcon_pkg'
[0.599s] Level 1:colcon.colcon_core.package_identification:_identify(.) by extensions ['colcon_meta']
[0.599s] Level 1:colcon.colcon_core.package_identification:_identify(.) by extension 'colcon_meta'
[0.599s] Level 1:colcon.colcon_core.package_identification:_identify(.) by extensions ['ros']
[0.599s] Level 1:colcon.colcon_core.package_identification:_identify(.) by extension 'ros'
[0.609s] Level 1:colcon.colcon_core.package_identification:_identify(.) by extensions ['cmake', 'python']
[0.609s] Level 1:colcon.colcon_core.package_identification:_identify(.) by extension 'cmake'
[0.609s] Level 1:colcon.colcon_core.package_identification:_identify(.) by extension 'python'
[0.610s] Level 1:colcon.colcon_core.package_identification:_identify(.) by extensions ['python_setup_py']
[0.610s] Level 1:colcon.colcon_core.package_identification:_identify(.) by extension 'python_setup_py'
[0.610s] Level 1:colcon.colcon_core.package_identification:_identify(build) by extensions ['ignore', 'ignore_ament_install']
[0.610s] Level 1:colcon.colcon_core.package_identification:_identify(build) by extension 'ignore'
[0.610s] Level 1:colcon.colcon_core.package_identification:_identify(build) ignored
[0.610s] Level 1:colcon.colcon_core.package_identification:_identify(install) by extensions ['ignore', 'ignore_ament_install']
[0.610s] Level 1:colcon.colcon_core.package_identification:_identify(install) by extension 'ignore'
[0.610s] Level 1:colcon.colcon_core.package_identification:_identify(install) ignored
[0.610s] Level 1:colcon.colcon_core.package_identification:_identify(log) by extensions ['ignore', 'ignore_ament_install']
[0.610s] Level 1:colcon.colcon_core.package_identification:_identify(log) by extension 'ignore'
[0.610s] Level 1:colcon.colcon_core.package_identification:_identify(log) ignored
[0.610s] Level 1:colcon.colcon_core.package_identification:_identify(src) by extensions ['ignore', 'ignore_ament_install']
[0.611s] Level 1:colcon.colcon_core.package_identification:_identify(src) by extension 'ignore'
[0.611s] Level 1:colcon.colcon_core.package_identification:_identify(src) by extension 'ignore_ament_install'
[0.611s] Level 1:colcon.colcon_core.package_identification:_identify(src) by extensions ['colcon_pkg']
[0.611s] Level 1:colcon.colcon_core.package_identification:_identify(src) by extension 'colcon_pkg'
[0.611s] Level 1:colcon.colcon_core.package_identification:_identify(src) by extensions ['colcon_meta']
[0.611s] Level 1:colcon.colcon_core.package_identification:_identify(src) by extension 'colcon_meta'
[0.611s] Level 1:colcon.colcon_core.package_identification:_identify(src) by extensions ['ros']
[0.611s] Level 1:colcon.colcon_core.package_identification:_identify(src) by extension 'ros'
[0.611s] Level 1:colcon.colcon_core.package_identification:_identify(src) by extensions ['cmake', 'python']
[0.611s] Level 1:colcon.colcon_core.package_identification:_identify(src) by extension 'cmake'
[0.611s] Level 1:colcon.colcon_core.package_identification:_identify(src) by extension 'python'
[0.611s] Level 1:colcon.colcon_core.package_identification:_identify(src) by extensions ['python_setup_py']
[0.611s] Level 1:colcon.colcon_core.package_identification:_identify(src) by extension 'python_setup_py'
[0.612s] Level 1:colcon.colcon_core.package_identification:_identify(src/interfaces) by extensions ['ignore', 'ignore_ament_install']
[0.612s] Level 1:colcon.colcon_core.package_identification:_identify(src/interfaces) by extension 'ignore'
[0.612s] Level 1:colcon.colcon_core.package_identification:_identify(src/interfaces) by extension 'ignore_ament_install'
[0.612s] Level 1:colcon.colcon_core.package_identification:_identify(src/interfaces) by extensions ['colcon_pkg']
[0.612s] Level 1:colcon.colcon_core.package_identification:_identify(src/interfaces) by extension 'colcon_pkg'
[0.612s] Level 1:colcon.colcon_core.package_identification:_identify(src/interfaces) by extensions ['colcon_meta']
[0.612s] Level 1:colcon.colcon_core.package_identification:_identify(src/interfaces) by extension 'colcon_meta'
[0.612s] Level 1:colcon.colcon_core.package_identification:_identify(src/interfaces) by extensions ['ros']
[0.612s] Level 1:colcon.colcon_core.package_identification:_identify(src/interfaces) by extension 'ros'
[0.614s] DEBUG:colcon.colcon_core.package_identification:Package 'src/interfaces' with type 'ros.ament_cmake' and name 'interfaces'
[0.614s] Level 1:colcon.colcon_core.package_discovery:discover_packages(recursive) using defaults
[0.614s] Level 1:colcon.colcon_core.package_discovery:discover_packages(ignore) discover
[0.614s] Level 1:colcon.colcon_core.package_discovery:discover_packages(ignore) using defaults
[0.614s] Level 1:colcon.colcon_core.package_discovery:discover_packages(path) discover
[0.614s] Level 1:colcon.colcon_core.package_discovery:discover_packages(path) using defaults
[0.631s] Level 1:colcon.colcon_core.package_discovery:discover_packages(prefix_path) check parameters
[0.631s] Level 1:colcon.colcon_core.package_discovery:discover_packages(prefix_path) discover
[0.633s] DEBUG:colcon.colcon_installed_package_information.package_discovery:Found 1 installed packages in /home/leoni/robotica/practica3/install
[0.634s] DEBUG:colcon.colcon_installed_package_information.package_discovery:Found 272 installed packages in /opt/ros/humble
[0.636s] Level 1:colcon.colcon_core.package_discovery:discover_packages(prefix_path) using defaults
[0.672s] Level 5:colcon.colcon_core.verb:set package 'interfaces' build argument 'cmake_args' from command line to 'None'
[0.673s] Level 5:colcon.colcon_core.verb:set package 'interfaces' build argument 'cmake_target' from command line to 'None'
[0.673s] Level 5:colcon.colcon_core.verb:set package 'interfaces' build argument 'cmake_target_skip_unavailable' from command line to 'False'
[0.673s] Level 5:colcon.colcon_core.verb:set package 'interfaces' build argument 'cmake_clean_cache' from command line to 'False'
[0.673s] Level 5:colcon.colcon_core.verb:set package 'interfaces' build argument 'cmake_clean_first' from command line to 'False'
[0.673s] Level 5:colcon.colcon_core.verb:set package 'interfaces' build argument 'cmake_force_configure' from command line to 'False'
[0.673s] Level 5:colcon.colcon_core.verb:set package 'interfaces' build argument 'ament_cmake_args' from command line to 'None'
[0.673s] Level 5:colcon.colcon_core.verb:set package 'interfaces' build argument 'catkin_cmake_args' from command line to 'None'
[0.673s] Level 5:colcon.colcon_core.verb:set package 'interfaces' build argument 'catkin_skip_building_tests' from command line to 'False'
[0.673s] DEBUG:colcon.colcon_core.verb:Building package 'interfaces' with the following arguments: {'ament_cmake_args': None, 'build_base': '/home/leoni/robotica/practica3/build/interfaces', 'catkin_cmake_args': None, 'catkin_skip_building_tests': False, 'cmake_args': None, 'cmake_clean_cache': False, 'cmake_clean_first': False, 'cmake_force_configure': False, 'cmake_target': None, 'cmake_target_skip_unavailable': False, 'install_base': '/home/leoni/robotica/practica3/install/interfaces', 'merge_install': False, 'path': '/home/leoni/robotica/practica3/src/interfaces', 'symlink_install': False, 'test_result_base': None}
[0.673s] INFO:colcon.colcon_core.executor:Executing jobs using 'parallel' executor
[0.675s] DEBUG:colcon.colcon_parallel_executor.executor.parallel:run_until_complete
[0.675s] INFO:colcon.colcon_ros.task.ament_cmake.build:Building ROS package in '/home/leoni/robotica/practica3/src/interfaces' with build type 'ament_cmake'
[0.676s] INFO:colcon.colcon_cmake.task.cmake.build:Building CMake package in '/home/leoni/robotica/practica3/src/interfaces'
[0.679s] INFO:colcon.colcon_core.plugin_system:Skipping extension 'colcon_core.shell.bat': Not used on non-Windows systems
[0.679s] INFO:colcon.colcon_core.shell:Skip shell extension 'powershell' for command environment: Not usable outside of PowerShell
[0.679s] DEBUG:colcon.colcon_core.shell:Skip shell extension 'dsv' for command environment
[0.690s] DEBUG:colcon.colcon_core.event_handler.log_command:Invoking command in '/home/leoni/robotica/practica3/build/interfaces': CMAKE_PREFIX_PATH=${CMAKE_PREFIX_PATH}:/opt/ros/humble /usr/bin/cmake --build /home/leoni/robotica/practica3/build/interfaces -- -j16 -l16
[21.495s] DEBUG:colcon.colcon_core.event_handler.log_command:Invoked command in '/home/leoni/robotica/practica3/build/interfaces' returned '0': CMAKE_PREFIX_PATH=${CMAKE_PREFIX_PATH}:/opt/ros/humble /usr/bin/cmake --build /home/leoni/robotica/practica3/build/interfaces -- -j16 -l16
[21.507s] DEBUG:colcon.colcon_core.event_handler.log_command:Invoking command in '/home/leoni/robotica/practica3/build/interfaces': CMAKE_PREFIX_PATH=${CMAKE_PREFIX_PATH}:/opt/ros/humble /usr/bin/cmake --install /home/leoni/robotica/practica3/build/interfaces
[21.591s] Level 1:colcon.colcon_core.environment:create_environment_scripts_only(interfaces)
[21.592s] DEBUG:colcon.colcon_core.event_handler.log_command:Invoked command in '/home/leoni/robotica/practica3/build/interfaces' returned '0': CMAKE_PREFIX_PATH=${CMAKE_PREFIX_PATH}:/opt/ros/humble /usr/bin/cmake --install /home/leoni/robotica/practica3/build/interfaces
[21.594s] Level 1:colcon.colcon_core.environment:checking '/home/leoni/robotica/practica3/install/interfaces' for CMake module files
[21.595s] Level 1:colcon.colcon_core.environment:checking '/home/leoni/robotica/practica3/install/interfaces' for CMake config files
[21.595s] Level 1:colcon.colcon_core.shell:create_environment_hook('interfaces', 'cmake_prefix_path')
[21.595s] INFO:colcon.colcon_core.shell:Creating environment hook '/home/leoni/robotica/practica3/install/interfaces/share/interfaces/hook/cmake_prefix_path.ps1'
[21.596s] INFO:colcon.colcon_core.shell:Creating environment descriptor '/home/leoni/robotica/practica3/install/interfaces/share/interfaces/hook/cmake_prefix_path.dsv'
[21.597s] INFO:colcon.colcon_core.shell:Creating environment hook '/home/leoni/robotica/practica3/install/interfaces/share/interfaces/hook/cmake_prefix_path.sh'
[21.598s] Level 1:colcon.colcon_core.environment:checking '/home/leoni/robotica/practica3/install/interfaces/lib'
[21.598s] Level 1:colcon.colcon_core.shell:create_environment_hook('interfaces', 'ld_library_path_lib')
[21.598s] INFO:colcon.colcon_core.shell:Creating environment hook '/home/leoni/robotica/practica3/install/interfaces/share/interfaces/hook/ld_library_path_lib.ps1'
[21.598s] INFO:colcon.colcon_core.shell:Creating environment descriptor '/home/leoni/robotica/practica3/install/interfaces/share/interfaces/hook/ld_library_path_lib.dsv'
[21.599s] INFO:colcon.colcon_core.shell:Creating environment hook '/home/leoni/robotica/practica3/install/interfaces/share/interfaces/hook/ld_library_path_lib.sh'
[21.599s] Level 1:colcon.colcon_core.environment:checking '/home/leoni/robotica/practica3/install/interfaces/bin'
[21.599s] Level 1:colcon.colcon_core.environment:checking '/home/leoni/robotica/practica3/install/interfaces/lib/pkgconfig/interfaces.pc'
[21.599s] Level 1:colcon.colcon_core.environment:checking '/home/leoni/robotica/practica3/install/interfaces/lib/python3.10/site-packages'
[21.599s] Level 1:colcon.colcon_core.environment:checking '/home/leoni/robotica/practica3/install/interfaces/bin'
[21.600s] INFO:colcon.colcon_core.shell:Creating package script '/home/leoni/robotica/practica3/install/interfaces/share/interfaces/package.ps1'
[21.600s] INFO:colcon.colcon_core.shell:Creating package descriptor '/home/leoni/robotica/practica3/install/interfaces/share/interfaces/package.dsv'
[21.601s] INFO:colcon.colcon_core.shell:Creating package script '/home/leoni/robotica/practica3/install/interfaces/share/interfaces/package.sh'
[21.602s] INFO:colcon.colcon_core.shell:Creating package script '/home/leoni/robotica/practica3/install/interfaces/share/interfaces/package.bash'
[21.602s] INFO:colcon.colcon_core.shell:Creating package script '/home/leoni/robotica/practica3/install/interfaces/share/interfaces/package.zsh'
[21.603s] Level 1:colcon.colcon_core.environment:create_file_with_runtime_dependencies(/home/leoni/robotica/practica3/install/interfaces/share/colcon-core/packages/interfaces)
[21.603s] Level 1:colcon.colcon_core.environment:create_environment_scripts_only(interfaces)
[21.604s] Level 1:colcon.colcon_core.environment:checking '/home/leoni/robotica/practica3/install/interfaces' for CMake module files
[21.605s] Level 1:colcon.colcon_core.environment:checking '/home/leoni/robotica/practica3/install/interfaces' for CMake config files
[21.605s] Level 1:colcon.colcon_core.shell:create_environment_hook('interfaces', 'cmake_prefix_path')
[21.606s] INFO:colcon.colcon_core.shell:Creating environment hook '/home/leoni/robotica/practica3/install/interfaces/share/interfaces/hook/cmake_prefix_path.ps1'
[21.606s] INFO:colcon.colcon_core.shell:Creating environment descriptor '/home/leoni/robotica/practica3/install/interfaces/share/interfaces/hook/cmake_prefix_path.dsv'
[21.606s] INFO:colcon.colcon_core.shell:Creating environment hook '/home/leoni/robotica/practica3/install/interfaces/share/interfaces/hook/cmake_prefix_path.sh'
[21.607s] Level 1:colcon.colcon_core.environment:checking '/home/leoni/robotica/practica3/install/interfaces/lib'
[21.607s] Level 1:colcon.colcon_core.shell:create_environment_hook('interfaces', 'ld_library_path_lib')
[21.607s] INFO:colcon.colcon_core.shell:Creating environment hook '/home/leoni/robotica/practica3/install/interfaces/share/interfaces/hook/ld_library_path_lib.ps1'
[21.608s] INFO:colcon.colcon_core.shell:Creating environment descriptor '/home/leoni/robotica/practica3/install/interfaces/share/interfaces/hook/ld_library_path_lib.dsv'
[21.608s] INFO:colcon.colcon_core.shell:Creating environment hook '/home/leoni/robotica/practica3/install/interfaces/share/interfaces/hook/ld_library_path_lib.sh'
[21.609s] Level 1:colcon.colcon_core.environment:checking '/home/leoni/robotica/practica3/install/interfaces/bin'
[21.609s] Level 1:colcon.colcon_core.environment:checking '/home/leoni/robotica/practica3/install/interfaces/lib/pkgconfig/interfaces.pc'
[21.609s] Level 1:colcon.colcon_core.environment:checking '/home/leoni/robotica/practica3/install/interfaces/lib/python3.10/site-packages'
[21.610s] Level 1:colcon.colcon_core.environment:checking '/home/leoni/robotica/practica3/install/interfaces/bin'
[21.610s] INFO:colcon.colcon_core.shell:Creating package script '/home/leoni/robotica/practica3/install/interfaces/share/interfaces/package.ps1'
[21.611s] INFO:colcon.colcon_core.shell:Creating package descriptor '/home/leoni/robotica/practica3/install/interfaces/share/interfaces/package.dsv'
[21.611s] INFO:colcon.colcon_core.shell:Creating package script '/home/leoni/robotica/practica3/install/interfaces/share/interfaces/package.sh'
[21.612s] INFO:colcon.colcon_core.shell:Creating package script '/home/leoni/robotica/practica3/install/interfaces/share/interfaces/package.bash'
[21.612s] INFO:colcon.colcon_core.shell:Creating package script '/home/leoni/robotica/practica3/install/interfaces/share/interfaces/package.zsh'
[21.613s] Level 1:colcon.colcon_core.environment:create_file_with_runtime_dependencies(/home/leoni/robotica/practica3/install/interfaces/share/colcon-core/packages/interfaces)
[21.613s] DEBUG:colcon.colcon_parallel_executor.executor.parallel:closing loop
[21.614s] DEBUG:colcon.colcon_parallel_executor.executor.parallel:loop closed
[21.614s] DEBUG:colcon.colcon_parallel_executor.executor.parallel:run_until_complete finished with '0'
[21.614s] DEBUG:colcon.colcon_core.event_reactor:joining thread
[21.720s] INFO:colcon.colcon_core.plugin_system:Skipping extension 'colcon_notification.desktop_notification.notify_send': Could not find 'notify-send'
[21.721s] INFO:colcon.colcon_core.plugin_system:Skipping extension 'colcon_notification.desktop_notification.terminal_notifier': Not used on non-Darwin systems
[21.721s] INFO:colcon.colcon_core.plugin_system:Skipping extension 'colcon_notification.desktop_notification.win32': Not used on non-Windows systems
[21.721s] INFO:colcon.colcon_notification.desktop_notification:Sending desktop notification using 'notify2'
[21.723s] DEBUG:colcon.colcon_notification.desktop_notification.notify2:Failed to initialize notify2: org.freedesktop.DBus.Error.ServiceUnknown: The name org.freedesktop.Notifications was not provided by any .service files
[21.723s] DEBUG:colcon.colcon_core.event_reactor:joined thread
[21.723s] INFO:colcon.colcon_core.shell:Creating prefix script '/home/leoni/robotica/practica3/install/local_setup.ps1'
[21.724s] INFO:colcon.colcon_core.shell:Creating prefix util module '/home/leoni/robotica/practica3/install/_local_setup_util_ps1.py'
[21.727s] INFO:colcon.colcon_core.shell:Creating prefix chain script '/home/leoni/robotica/practica3/install/setup.ps1'
[21.728s] INFO:colcon.colcon_core.shell:Creating prefix script '/home/leoni/robotica/practica3/install/local_setup.sh'
[21.728s] INFO:colcon.colcon_core.shell:Creating prefix util module '/home/leoni/robotica/practica3/install/_local_setup_util_sh.py'
[21.729s] INFO:colcon.colcon_core.shell:Creating prefix chain script '/home/leoni/robotica/practica3/install/setup.sh'
[21.730s] INFO:colcon.colcon_core.shell:Creating prefix script '/home/leoni/robotica/practica3/install/local_setup.bash'
[21.730s] INFO:colcon.colcon_core.shell:Creating prefix chain script '/home/leoni/robotica/practica3/install/setup.bash'
[21.732s] INFO:colcon.colcon_core.shell:Creating prefix script '/home/leoni/robotica/practica3/install/local_setup.zsh'
[21.732s] INFO:colcon.colcon_core.shell:Creating prefix chain script '/home/leoni/robotica/practica3/install/setup.zsh'
