[0.038s] Invoking command in '/home/leoni/robotica/practica3/build/interfaces': CMAKE_PREFIX_PATH=/opt/ros/humble /usr/bin/cmake /home/leoni/robotica/practica3/src/interfaces -DCMAKE_INSTALL_PREFIX=/home/leoni/robotica/practica3/install/interfaces
[0.059s] -- Found ament_cmake: 1.3.11 (/opt/ros/humble/share/ament_cmake/cmake)
[0.192s] -- Override CMake install command with custom implementation using symlinks instead of copying resources
[0.199s] -- Found rclcpp: 16.0.11 (/opt/ros/humble/share/rclcpp/cmake)
[0.770s] -- Found rosidl_generator_c: 3.1.6 (/opt/ros/humble/share/rosidl_generator_c/cmake)
[0.774s] -- Found rosidl_adapter: 3.1.6 (/opt/ros/humble/share/rosidl_adapter/cmake)
[0.789s] -- Found rosidl_generator_cpp: 3.1.6 (/opt/ros/humble/share/rosidl_generator_cpp/cmake)
[0.808s] -- Using all available rosidl_typesupport_c: rosidl_typesupport_fastrtps_c;rosidl_typesupport_introspection_c
[0.826s] -- Using all available rosidl_typesupport_cpp: rosidl_typesupport_fastrtps_cpp;rosidl_typesupport_introspection_cpp
[0.895s] -- Found rmw_implementation_cmake: 6.1.2 (/opt/ros/humble/share/rmw_implementation_cmake/cmake)
[0.896s] -- Found rmw_fastrtps_cpp: 6.2.7 (/opt/ros/humble/share/rmw_fastrtps_cpp/cmake)
[21.502s] -- Using RMW implementation 'rmw_fastrtps_cpp' as default
[21.643s] -- Found rosidl_default_generators: 1.2.0 (/opt/ros/humble/share/rosidl_default_generators/cmake)
[21.789s] [31mCMake Error at /opt/ros/humble/share/rosidl_cmake/cmake/rosidl_generate_interfaces.cmake:162 (message):
[21.789s]   rosidl_generate_interfaces() the passed dependency 'geometry_msgs' has not
[21.789s]   been found before using find_package()
[21.790s] Call Stack (most recent call first):
[21.790s]   CMakeLists.txt:15 (rosidl_generate_interfaces)
[21.790s] 
[21.790s] [0m
[21.790s] -- Configuring incomplete, errors occurred!
[21.790s] See also "/home/leoni/robotica/practica3/build/interfaces/CMakeFiles/CMakeOutput.log".
[21.799s] Invoked command in '/home/leoni/robotica/practica3/build/interfaces' returned '1': CMAKE_PREFIX_PATH=/opt/ros/humble /usr/bin/cmake /home/leoni/robotica/practica3/src/interfaces -DCMAKE_INSTALL_PREFIX=/home/leoni/robotica/practica3/install/interfaces
